TN:
SF:/Users/vivaxy/Developer/github/course/algorithms/linked-list/implements/index.js
FN:8,(anonymous_0)
FN:13,(anonymous_1)
FN:25,(anonymous_2)
FN:40,(anonymous_3)
FN:64,(anonymous_4)
FN:87,(anonymous_5)
FN:104,(anonymous_6)
FN:117,(anonymous_7)
FNF:8
FNH:7
FNDA:4,(anonymous_0)
FNDA:2,(anonymous_1)
FNDA:11,(anonymous_2)
FNDA:7,(anonymous_3)
FNDA:8,(anonymous_4)
FNDA:0,(anonymous_5)
FNDA:9,(anonymous_6)
FNDA:13,(anonymous_7)
DA:6,1
DA:9,4
DA:10,4
DA:14,2
DA:15,2
DA:16,2
DA:18,2
DA:19,1
DA:22,2
DA:26,11
DA:28,11
DA:29,2
DA:30,2
DA:32,9
DA:33,9
DA:36,11
DA:41,7
DA:42,1
DA:45,6
DA:46,6
DA:47,6
DA:49,6
DA:50,24
DA:52,8
DA:53,8
DA:54,8
DA:56,16
DA:57,16
DA:61,6
DA:65,8
DA:66,0
DA:69,8
DA:71,8
DA:72,3
DA:73,3
DA:74,3
DA:75,5
DA:76,2
DA:77,2
DA:78,2
DA:80,3
DA:81,3
DA:82,3
DA:84,8
DA:88,0
DA:89,0
DA:92,0
DA:93,0
DA:94,0
DA:95,0
DA:98,0
DA:101,0
DA:105,9
DA:106,9
DA:107,9
DA:108,21
DA:109,21
DA:111,9
DA:118,13
DA:119,13
LF:60
LH:51
BRDA:18,0,0,1
BRDA:18,0,1,1
BRDA:28,1,0,2
BRDA:28,1,1,9
BRDA:41,2,0,1
BRDA:41,2,1,6
BRDA:50,3,0,8
BRDA:50,3,1,16
BRDA:65,4,0,0
BRDA:65,4,1,8
BRDA:71,5,0,3
BRDA:71,5,1,5
BRDA:75,6,0,2
BRDA:75,6,1,3
BRDA:88,7,0,0
BRDA:88,7,1,0
BRDA:94,8,0,0
BRDA:94,8,1,0
BRF:18
BRH:13
end_of_record
